Fast Image Optimization Log - Fri Oct 31 12:28:45 +07 2025
=====================================
JPEG: wp-content/uploads/extra-branding/gha/4.jpeg - 0% saved
JPEG: wp-content/uploads/extra-branding/gha/1.jpeg - 0% saved
JPEG: wp-content/uploads/extra-branding/gha/2.jpeg - 0% saved
JPEG: wp-content/uploads/extra-branding/gha/6.jpeg - 0% saved
JPEG: wp-content/uploads/extra-branding/gha/5.jpeg - 0% saved
JPEG: wp-content/uploads/extra-branding/gha/7.jpeg - 0% saved
JPEG: wp-content/uploads/extra-branding/gha/3.jpeg - 0% saved
JPEG: wp-content/uploads/extra-branding/ghaCamp/10.jpeg - 69.9% saved
JPEG: wp-content/uploads/extra-branding/ghaCamp/26.jpeg - 63.8% saved
JPEG: wp-content/uploads/extra-branding/ghaCamp/30.jpeg - 69.4% saved
JPEG: wp-content/uploads/extra-branding/ghaCamp/27.jpeg - 64.9% saved
JPEG: wp-content/uploads/extra-branding/ghaCamp/11.jpeg - 70.1% saved
PNG: wp-content/uploads/extra-branding/asm/2.png - 27.3% saved
PNG: wp-content/uploads/extra-branding/asm/1.png - 24.4% saved
JPEG: wp-content/uploads/extra-branding/ghaCamp/38.jpeg - 17.7% saved
PNG: wp-content/uploads/extra-branding/agt/19.png - -4.8% saved
PNG: wp-content/uploads/extra-branding/agt/20.png - 0% saved
JPEG: wp-content/uploads/extra-branding/ghaCamp/14.jpeg - 33.0% saved
JPEG: wp-content/uploads/extra-branding/ghaCamp/15.jpeg - 66.0% saved
PNG: wp-content/uploads/extra-branding/ghaCamp/37.png - 36.3% saved
PNG: wp-content/uploads/extra-branding/ghaCamp/35.png - 28.0% saved
JPEG: wp-content/uploads/extra-branding/ghaCamp/9.jpeg - 69.9% saved
JPEG: wp-content/uploads/extra-branding/ghaCamp/4.jpg - 0% saved
JPEG: wp-content/uploads/extra-branding/ghaCamp/28.jpeg - 69.2% saved
JPEG: wp-content/uploads/extra-branding/ghaCamp/12.jpeg - 67.8% saved
JPEG: wp-content/uploads/extra-branding/ghaCamp/2.jpg - 34.1% saved
JPEG: wp-content/uploads/extra-branding/ghaCamp/3.jpg - 0% saved
JPEG: wp-content/uploads/extra-branding/ghaCamp/1.jpg - 33.8% saved
JPEG: wp-content/uploads/extra-branding/ghaCamp/13.jpeg - 67.8% saved
JPEG: wp-content/uploads/extra-branding/ghaCamp/29.jpeg - 69.3% saved
JPEG: wp-content/uploads/extra-branding/thanhvinhhoa/8.jpg - 16.2% saved
JPEG: wp-content/uploads/extra-branding/thanhvinhhoa/9.jpg - 42.7% saved
JPEG: wp-content/uploads/extra-branding/thanhvinhhoa/14.jpg - 41.0% saved
JPEG: wp-content/uploads/extra-branding/thanhvinhhoa/15.jpg - 40.1% saved
JPEG: wp-content/uploads/extra-branding/thanhvinhhoa/12.jpg - 38.9% saved
JPEG: wp-content/uploads/extra-branding/thanhvinhhoa/13.jpg - 38.0% saved
JPEG: wp-content/uploads/extra-branding/thanhvinhhoa/11.jpg - 41.4% saved
JPEG: wp-content/uploads/extra-branding/thanhvinhhoa/10.jpg - 36.9% saved
PNG: wp-content/uploads/extra-branding/ghaCamp/36.png - 27.7% saved
JPEG: wp-content/uploads/extra-branding/thanhvinhhoa/7.jpg - 33.9% saved
JPEG: wp-content/uploads/extra-branding/thanhvinhhoa/6.jpg - 14.2% saved
PNG: wp-content/uploads/extra-branding/thanhvinhhoa/3.png - -265.6% saved
PNG: wp-content/uploads/extra-branding/thanhvinhhoa/0.png - -272.4% saved
JPEG: wp-content/uploads/extra-branding/ladily/16.jpg - 37.2% saved
JPEG: wp-content/uploads/extra-branding/ladily/5.jpg - 17.3% saved
PNG: wp-content/uploads/extra-branding/ghaCamp/34.png - 28.6% saved
PNG: wp-content/uploads/art-digital/digital/8.png - 21.3% saved
PNG: wp-content/uploads/art-digital/digital/14.png - 20.0% saved
PNG: wp-content/uploads/extra-branding/thanhvinhhoa/5.png - 24.7% saved
PNG: wp-content/uploads/art-digital/digital/13.png - -266.9% saved
PNG: wp-content/uploads/art-digital/digital/9.png - 26.5% saved
PNG: wp-content/uploads/art-digital/digital/11.png - 17.3% saved
PNG: wp-content/uploads/art-digital/digital/4.png - -269.7% saved
PNG: wp-content/uploads/art-digital/digital/12.png - 24.7% saved
PNG: wp-content/uploads/art-digital/digital/6.png - -265.6% saved
PNG: wp-content/uploads/extra-branding/asm/7.png - 25.5% saved
PNG: wp-content/uploads/art-digital/digital/7.png - 28.1% saved
PNG: wp-content/uploads/extra-branding/ghaCamp/32.png - 15.3% saved
PNG: wp-content/uploads/extra-branding/gha/15.png - 0% saved
PNG: wp-content/uploads/extra-branding/ghaCamp/33.png - 19.2% saved
PNG: wp-content/uploads/extra-branding/agt/0.png - 22.3% saved
PNG: wp-content/uploads/art-digital/digital/10.png - 22.9% saved
